\BOOKMARK [1][-]{section.1}{General\040Information}{}% 1
\BOOKMARK [1][-]{section.2}{Genetics}{}% 2
\BOOKMARK [2][-]{subsection.2.1}{Sex-linked\040genes}{section.2}% 3
\BOOKMARK [2][-]{subsection.2.2}{Pedigrees}{section.2}% 4
\BOOKMARK [2][-]{subsection.2.3}{Genetic Disorders – Sickle Cell, Cystic Fibrosis, Huntington's}{section.2}% 5
\BOOKMARK [2][-]{subsection.2.4}{Nondisjunction}{section.2}% 6
\BOOKMARK [2][-]{subsection.2.5}{Recombinant DNA – Restriction Enzymes, Ligase, Electrophoresis, GFP, PCR, Selectable Markers, Screens, Plasmids, Transformations}{section.2}% 7
\BOOKMARK [2][-]{subsection.2.6}{Selective Breeding – Hybridization vs Inbreeding}{section.2}% 8
\BOOKMARK [1][-]{section.3}{Evolution}{}% 9
\BOOKMARK [2][-]{subsection.3.1}{Darwin's\040Observations\040and\040Background\040Knowledge}{section.3}% 10
\BOOKMARK [2][-]{subsection.3.2}{Evolutionary Theory – Adaptations, Fitness, Natural Selection, etc.}{section.3}% 11
\BOOKMARK [2][-]{subsection.3.3}{Evidence\040for\040Evolution}{section.3}% 12
\BOOKMARK [2][-]{subsection.3.4}{Population Genetics – Hardy-Weinberg Equation and Conditions that disrupt equilibrium, selection on polygenic traits}{section.3}% 13
\BOOKMARK [2][-]{subsection.3.5}{Speciation}{section.3}% 14
\BOOKMARK [2][-]{subsection.3.6}{Molecular\040Clocks}{section.3}% 15
\BOOKMARK [2][-]{subsection.3.7}{Binomial\040Nomenclature\040and\040Linnaean\040Classification}{section.3}% 16
\BOOKMARK [2][-]{subsection.3.8}{Cladograms}{section.3}% 17
\BOOKMARK [2][-]{subsection.3.9}{Domains\040and\040Kingdoms}{section.3}% 18
\BOOKMARK [2][-]{subsection.3.10}{Fossil\040Record}{section.3}% 19
\BOOKMARK [2][-]{subsection.3.11}{Speciation\040and\040Extinction\040Events}{section.3}% 20
\BOOKMARK [2][-]{subsection.3.12}{Origins\040of\040Life\040including\040Endosymbiont\040Theory}{section.3}% 21
