This is XeTeX, Version 3.14159265-2.6-0.99998 (TeX Live 2017/Arch Linux) (preloaded format=xelatex 2018.4.14)  29 MAY 2018 13:23
entering extended mode
 restricted \write18 enabled.
 file:line:error style messages enabled.
 %&-line parsing enabled.
**"/home/daniel/OneDrive/~Commonwealth/,Commonwealth/9th Grade/Biology/Final Re
view/FO.tex"

! Emergency stop.
<to be read again> 
                   \protect 
<*> "/home/daniel/OneDrive/~
                            Commonwealth/,Commonwealth/9th Grade/Biology/Fin...
 
Here is how much of TeX's memory you used:
 2 strings out of 493007
 32 string characters out of 6140075
 61811 words of memory out of 5000000
 4075 multiletter control sequences out of 15000+600000
 3640 words of font info for 14 fonts, out of 8000000 for 9000
 1348 hyphenation exceptions out of 8191
 3i,0n,0p,1b,6s stack positions out of 5000i,500n,10000p,200000b,80000s
No pages of output.
